This is pdfTeX, Version 3.14159265-2.6-1.40.20 (TeX Live 2019) (preloaded format=pdflatex 2019.5.8)  5 DEC 2019 23:22
entering extended mode
 restricted \write18 enabled.
 %&-line parsing enabled.
**main.tex
(./main.tex
LaTeX2e <2018-12-01>
(/usr/local/texlive/2019/texmf-dist/tex/latex/base/article.cls
Document Class: article 2018/09/03 v1.4i Standard LaTeX document class
(/usr/local/texlive/2019/texmf-dist/tex/latex/base/size11.clo
File: size11.clo 2018/09/03 v1.4i Standard LaTeX file (size option)
)
\c@part=\count80
\c@section=\count81
\c@subsection=\count82
\c@subsubsection=\count83
\c@paragraph=\count84
\c@subparagraph=\count85
\c@figure=\count86
\c@table=\count87
\abovecaptionskip=\skip41
\belowcaptionskip=\skip42
\bibindent=\dimen102
)
(/usr/local/texlive/2019/texmf-dist/tex/latex/mathpartir/mathpartir.sty
Package: mathpartir 2016/02/24 version 1.3.2 Math Paragraph for Typesetting Inf
erence Rules

(/usr/local/texlive/2019/texmf-dist/tex/latex/graphics/keyval.sty
Package: keyval 2014/10/28 v1.15 key=value parser (DPC)
\KV@toks@=\toks14
)
\mpr@andskip=\skip43
\mpr@lista=\toks15
\mpr@listb=\toks16
\mpr@hlist=\box27
\mpr@vlist=\box28
\mpr@right=\box29
)
(/usr/local/texlive/2019/texmf-dist/tex/latex/amsmath/amsmath.sty
Package: amsmath 2018/12/01 v2.17b AMS math features
\@mathmargin=\skip44

For additional information on amsmath, use the `?' option.
(/usr/local/texlive/2019/texmf-dist/tex/latex/amsmath/amstext.sty
Package: amstext 2000/06/29 v2.01 AMS text

(/usr/local/texlive/2019/texmf-dist/tex/latex/amsmath/amsgen.sty
File: amsgen.sty 1999/11/30 v2.0 generic functions
\@emptytoks=\toks17
\ex@=\dimen103
))
(/usr/local/texlive/2019/texmf-dist/tex/latex/amsmath/amsbsy.sty
Package: amsbsy 1999/11/29 v1.2d Bold Symbols
\pmbraise@=\dimen104
)
(/usr/local/texlive/2019/texmf-dist/tex/latex/amsmath/amsopn.sty
Package: amsopn 2016/03/08 v2.02 operator names
)
\inf@bad=\count88
LaTeX Info: Redefining \frac on input line 223.
\uproot@=\count89
\leftroot@=\count90
LaTeX Info: Redefining \overline on input line 385.
\classnum@=\count91
\DOTSCASE@=\count92
LaTeX Info: Redefining \ldots on input line 482.
LaTeX Info: Redefining \dots on input line 485.
LaTeX Info: Redefining \cdots on input line 606.
\Mathstrutbox@=\box30
\strutbox@=\box31
\big@size=\dimen105
LaTeX Font Info:    Redeclaring font encoding OML on input line 729.
LaTeX Font Info:    Redeclaring font encoding OMS on input line 730.
\macc@depth=\count93
\c@MaxMatrixCols=\count94
\dotsspace@=\muskip10
\c@parentequation=\count95
\dspbrk@lvl=\count96
\tag@help=\toks18
\row@=\count97
\column@=\count98
\maxfields@=\count99
\andhelp@=\toks19
\eqnshift@=\dimen106
\alignsep@=\dimen107
\tagshift@=\dimen108
\tagwidth@=\dimen109
\totwidth@=\dimen110
\lineht@=\dimen111
\@envbody=\toks20
\multlinegap=\skip45
\multlinetaggap=\skip46
\mathdisplay@stack=\toks21
LaTeX Info: Redefining \[ on input line 2844.
LaTeX Info: Redefining \] on input line 2845.
)
(/usr/local/texlive/2019/texmf-dist/tex/latex/amscls/amsthm.sty
Package: amsthm 2017/10/31 v2.20.4
\thm@style=\toks22
\thm@bodyfont=\toks23
\thm@headfont=\toks24
\thm@notefont=\toks25
\thm@headpunct=\toks26
\thm@preskip=\skip47
\thm@postskip=\skip48
\thm@headsep=\skip49
\dth@everypar=\toks27
)
(/usr/local/texlive/2019/texmf-dist/tex/latex/amsfonts/amsfonts.sty
Package: amsfonts 2013/01/14 v3.01 Basic AMSFonts support
\symAMSa=\mathgroup4
\symAMSb=\mathgroup5
LaTeX Font Info:    Overwriting math alphabet `\mathfrak' in version `bold'
(Font)                  U/euf/m/n --> U/euf/b/n on input line 106.
)
(/usr/local/texlive/2019/texmf-dist/tex/latex/amsfonts/amssymb.sty
Package: amssymb 2013/01/14 v3.01 AMS font symbols
)
(/usr/local/texlive/2019/texmf-dist/tex/latex/graphics/color.sty
Package: color 2016/07/10 v1.1e Standard LaTeX Color (DPC)

(/usr/local/texlive/2019/texmf-dist/tex/latex/graphics-cfg/color.cfg
File: color.cfg 2016/01/02 v1.6 sample color configuration
)
Package color Info: Driver file: pdftex.def on input line 147.

(/usr/local/texlive/2019/texmf-dist/tex/latex/graphics-def/pdftex.def
File: pdftex.def 2018/01/08 v1.0l Graphics/color driver for pdftex
))
(/usr/local/texlive/2019/texmf-dist/tex/latex/algorithms/algorithm.sty
Package: algorithm 2009/08/24 v0.1 Document Style `algorithm' - floating enviro
nment

(/usr/local/texlive/2019/texmf-dist/tex/latex/float/float.sty
Package: float 2001/11/08 v1.3d Float enhancements (AL)
\c@float@type=\count100
\float@exts=\toks28
\float@box=\box32
\@float@everytoks=\toks29
\@floatcapt=\box33
)
(/usr/local/texlive/2019/texmf-dist/tex/latex/base/ifthen.sty
Package: ifthen 2014/09/29 v1.1c Standard LaTeX ifthen package (DPC)
)
\@float@every@algorithm=\toks30
\c@algorithm=\count101
)
(/usr/local/texlive/2019/texmf-dist/tex/latex/algorithms/algorithmic.sty
Package: algorithmic 2009/08/24 v0.1 Document Style `algorithmic'
\c@ALC@unique=\count102
\c@ALC@line=\count103
\c@ALC@rem=\count104
\c@ALC@depth=\count105
\ALC@tlm=\skip50
\algorithmicindent=\skip51
)
(/usr/local/texlive/2019/texmf-dist/tex/latex/microtype/microtype.sty
Package: microtype 2019/02/28 v2.7b Micro-typographical refinements (RS)
\MT@toks=\toks31
\MT@count=\count106
LaTeX Info: Redefining \textls on input line 790.
\MT@outer@kern=\dimen112
LaTeX Info: Redefining \textmicrotypecontext on input line 1336.
\MT@listname@count=\count107

(/usr/local/texlive/2019/texmf-dist/tex/latex/microtype/microtype-pdftex.def
File: microtype-pdftex.def 2019/02/28 v2.7b Definitions specific to pdftex (RS)

LaTeX Info: Redefining \lsstyle on input line 914.
LaTeX Info: Redefining \lslig on input line 914.
\MT@outer@space=\skip52
)
Package microtype Info: Loading configuration file microtype.cfg.

(/usr/local/texlive/2019/texmf-dist/tex/latex/microtype/microtype.cfg
File: microtype.cfg 2019/02/28 v2.7b microtype main configuration file (RS)
))
(./ldefs.tex
(/usr/local/texlive/2019/texmf-dist/tex/latex/enumitem/enumitem.sty
Package: enumitem 2019/02/04 v3.8 Customized lists
\labelindent=\skip53
\enit@outerparindent=\dimen113
\enit@toks=\toks32
\enit@inbox=\box34
\enit@count@id=\count108
\enitdp@description=\count109
)
\c@enumihi=\count110
\c@enumihii=\count111
\c@enumihiii=\count112
\enitdp@enumih=\count113
\c@enumconci=\count114
\c@enumconcii=\count115
\c@enumconciii=\count116
\enitdp@enumconc=\count117
\c@enumsubi=\count118
\c@enumsubii=\count119
\c@enumsubiii=\count120
\enitdp@enumsub=\count121
\c@enumsubsubi=\count122
\c@enumsubsubii=\count123
\c@enumsubsubiii=\count124
\enitdp@enumsubsub=\count125
\enitdp@mainitem=\count126
)
\c@thm=\count127

(./main.aux

LaTeX Warning: Label `fig:adap' multiply defined.


LaTeX Warning: Label `fig:type-rules' multiply defined.

)
\openout1 = `main.aux'.

LaTeX Font Info:    Checking defaults for OML/cmm/m/it on input line 35.
LaTeX Font Info:    ... okay on input line 35.
LaTeX Font Info:    Checking defaults for T1/cmr/m/n on input line 35.
LaTeX Font Info:    ... okay on input line 35.
LaTeX Font Info:    Checking defaults for OT1/cmr/m/n on input line 35.
LaTeX Font Info:    ... okay on input line 35.
LaTeX Font Info:    Checking defaults for OMS/cmsy/m/n on input line 35.
LaTeX Font Info:    ... okay on input line 35.
LaTeX Font Info:    Checking defaults for OMX/cmex/m/n on input line 35.
LaTeX Font Info:    ... okay on input line 35.
LaTeX Font Info:    Checking defaults for U/cmr/m/n on input line 35.
LaTeX Font Info:    ... okay on input line 35.
 (/usr/local/texlive/2019/texmf-dist/tex/context/base/mkii/supp-pdf.mkii
[Loading MPS to PDF converter (version 2006.09.02).]
\scratchcounter=\count128
\scratchdimen=\dimen114
\scratchbox=\box35
\nofMPsegments=\count129
\nofMParguments=\count130
\everyMPshowfont=\toks33
\MPscratchCnt=\count131
\MPscratchDim=\dimen115
\MPnumerator=\count132
\makeMPintoPDFobject=\count133
\everyMPtoPDFconversion=\toks34
)
LaTeX Info: Redefining \microtypecontext on input line 35.
Package microtype Info: Generating PDF output.
Package microtype Info: Character protrusion enabled (level 2).
Package microtype Info: Using default protrusion set `alltext'.
Package microtype Info: Automatic font expansion enabled (level 2),
(microtype)             stretch: 20, shrink: 20, step: 1, non-selected.
Package microtype Info: Using default expansion set `basictext'.
Package microtype Info: No adjustment of tracking.
Package microtype Info: No adjustment of interword spacing.
Package microtype Info: No adjustment of character kerning.
 (/usr/local/texlive/2019/texmf-dist/tex/latex/microtype/mt-cmr.cfg
File: mt-cmr.cfg 2013/05/19 v2.2 microtype config. file: Computer Modern Roman 
(RS)
)
LaTeX Font Info:    Try loading font information for U+msa on input line 37.

(/usr/local/texlive/2019/texmf-dist/tex/latex/amsfonts/umsa.fd
File: umsa.fd 2013/01/14 v3.01 AMS symbols A
)
(/usr/local/texlive/2019/texmf-dist/tex/latex/microtype/mt-msa.cfg
File: mt-msa.cfg 2006/02/04 v1.1 microtype config. file: AMS symbols (a) (RS)
)
LaTeX Font Info:    Try loading font information for U+msb on input line 37.

(/usr/local/texlive/2019/texmf-dist/tex/latex/amsfonts/umsb.fd
File: umsb.fd 2013/01/14 v3.01 AMS symbols B
)
(/usr/local/texlive/2019/texmf-dist/tex/latex/microtype/mt-msb.cfg
File: mt-msb.cfg 2005/06/01 v1.0 microtype config. file: AMS symbols (b) (RS)
) [1

{/usr/local/texlive/2019/texmf-var/fonts/map/pdftex/updmap/pdftex.map}]
Package microtype Info: Loading generic protrusion settings for font family
(microtype)             `cmtt' (encoding: OT1).
(microtype)             For optimal results, create family-specific settings.
(microtype)             See the microtype manual for details.

Overfull \hbox (75.36607pt too wide) detected at line 102
[]
 []

Package microtype Info: Loading generic protrusion settings for font family
(microtype)             `cmss' (encoding: OT1).
(microtype)             For optimal results, create family-specific settings.
(microtype)             See the microtype manual for details.

LaTeX Warning: Float too large for page by 85.39423pt on input line 300.


Overfull \hbox (45.49988pt too wide) detected at line 333
[]
 []

[2] [3] [4]
Overfull \hbox (43.70633pt too wide) in paragraph at lines 520--563
 $[]$ 
 []


Overfull \hbox (80.27199pt too wide) in paragraph at lines 567--617
 $[]$ 
 []


LaTeX Warning: Float too large for page by 78.90279pt on input line 620.


Overfull \hbox (39.54076pt too wide) in paragraph at lines 643--649
\OT1/cmr/m/n/10.95 (-20) eval-u-a-tion does not de-pend on $\OML/cmm/m/it/10.95
 x$\OT1/cmr/m/n/10.95 (-20) ), $[][](\OML/cmm/m/it/10.95 T[]\OT1/cmr/m/n/10.95 
(-20) ) = \OMS/cmsy/m/n/10.95 ?$\OT1/cmr/m/n/10.95 (-20) , so $[]([](\OML/cmm/m
/it/10.95 T[]\OT1/cmr/m/n/10.95 (-20) )\OML/cmm/m/it/10.95 ; []\OT1/cmr/m/n/10.
95 (-20) (\OML/cmm/m/it/10.95 T[]\OT1/cmr/m/n/10.95 (-20) ) +
 []


Overfull \hbox (64.86392pt too wide) in paragraph at lines 658--669
[][]$\OT1/cmr/m/n/10.95 (-20) . For the trace $\OML/cmm/m/it/10.95 T[] T[] [] [
]$\OT1/cmr/m/n/10.95 (-20) , $[][]$ is de-fined as $[]([][](\OML/cmm/m/it/10.95
 T[]\OT1/cmr/m/n/10.95 (-20) )\OML/cmm/m/it/10.95 ; []\OT1/cmr/m/n/10.95 (-20) 
(\OML/cmm/m/it/10.95 T[]\OT1/cmr/m/n/10.95 (-20) ) +
 []


Overfull \hbox (23.96373pt too wide) in paragraph at lines 658--669
[]\OT1/cmr/m/n/10.95 (-20) ([][](\OML/cmm/m/it/10.95 T[]\OT1/cmr/m/n/10.95 (-20
) )\OML/cmm/m/it/10.95 ; [][]\OT1/cmr/m/n/10.95 (-20) (\OML/cmm/m/it/10.95 T[]\
OT1/cmr/m/n/10.95 (-20) ) + [][](\OML/cmm/m/it/10.95 T[]\OT1/cmr/m/n/10.95 (-20
) )))$. Here, $[]([][](\OML/cmm/m/it/10.95 T[]\OT1/cmr/m/n/10.95 (-20) )\OML/cm
m/m/it/10.95 ; [][]\OT1/cmr/m/n/10.95 (-20) (\OML/cmm/m/it/10.95 T[]\OT1/cmr/m/
n/10.95 (-20) ) +
 []

[5] [6] [7] (./ts.tex
Underfull \hbox (badness 10000) in paragraph at lines 136--143

 []

[8

]
Underfull \hbox (badness 10000) in paragraph at lines 144--145

 []


Underfull \hbox (badness 10000) in paragraph at lines 151--157

 []


Underfull \hbox (badness 10000) in paragraph at lines 179--190

 []


Underfull \hbox (badness 10000) in paragraph at lines 208--215

 []


Underfull \hbox (badness 10000) in paragraph at lines 215--224

 []


Underfull \hbox (badness 10000) in paragraph at lines 224--231

 []

[9]
Underfull \hbox (badness 10000) in paragraph at lines 233--236

 []


Underfull \hbox (badness 10000) in paragraph at lines 243--255

 []


Underfull \hbox (badness 10000) in paragraph at lines 263--275

 []


Underfull \hbox (badness 10000) in paragraph at lines 321--322

 []


Underfull \hbox (badness 10000) in paragraph at lines 329--337

 []

[10]
Underfull \hbox (badness 10000) in paragraph at lines 348--357

 []


Underfull \hbox (badness 10000) in paragraph at lines 370--371

 []


Underfull \hbox (badness 10000) in paragraph at lines 372--378

 []


Underfull \hbox (badness 10000) in paragraph at lines 379--384

 []


Underfull \hbox (badness 10000) in paragraph at lines 385--389

 []


Underfull \hbox (badness 10000) in paragraph at lines 390--393

 []


Underfull \hbox (badness 10000) in paragraph at lines 394--404

 []


Underfull \hbox (badness 10000) in paragraph at lines 405--408

 []


Underfull \hbox (badness 10000) in paragraph at lines 421--427

 []

[11]
Underfull \hbox (badness 10000) in paragraph at lines 428--431

 []


Underfull \hbox (badness 10000) in paragraph at lines 432--435

 []


Underfull \hbox (badness 10000) in paragraph at lines 448--453

 []

) [12] (./vector.tex
Overfull \hbox (75.36607pt too wide) detected at line 39
[]
 []


Overfull \hbox (45.49988pt too wide) detected at line 52
[]
 []


Overfull \hbox (43.70633pt too wide) in paragraph at lines 218--261
 $[]$ 
 []


Overfull \hbox (80.27199pt too wide) in paragraph at lines 265--314
 $[]$ 
 []


LaTeX Warning: Float too large for page by 78.90279pt on input line 317.

[13


] [14] [15]
LaTeX Font Info:    Try loading font information for OMS+cmr on input line 330.

 (/usr/local/texlive/2019/texmf-dist/tex/latex/base/omscmr.fd
File: omscmr.fd 2014/09/29 v2.5h Standard LaTeX font definitions
)
LaTeX Font Info:    Font shape `OMS/cmr/m/n' in size <10.95> not available
(Font)              Font shape `OMS/cmsy/m/n' tried instead on input line 330.

Overfull \hbox (85.50949pt too wide) detected at line 375
[]
 []

[16]
Overfull \hbox (30.91774pt too wide) detected at line 497
[]
 []

[17

] [18]
Overfull \hbox (14.45044pt too wide) detected at line 514
[]
 []

[19

] [20] [21]
Overfull \hbox (110.50108pt too wide) in paragraph at lines 781--830
 $[]$ 
 []


Underfull \hbox (badness 10000) in paragraph at lines 842--846

 []


Underfull \hbox (badness 10000) in paragraph at lines 861--862

 []

[22

]
Underfull \hbox (badness 10000) in paragraph at lines 900--914

 []


Underfull \hbox (badness 10000) in paragraph at lines 915--921

 []


Underfull \hbox (badness 10000) in paragraph at lines 922--927

 []


LaTeX Warning: Reference `lem:downward' on page 23 undefined on input line 932.



Underfull \hbox (badness 10000) in paragraph at lines 942--967

 []

[23]
Overfull \hbox (2.16873pt too wide) in paragraph at lines 1010--1015
[]$\OT1/cmr/m/n/10.95 (-20) (\OML/cmm/m/it/10.95 ^^R[]\OT1/cmr/m/n/10.95 (-20) 
[\OML/cmm/m/it/10.95 x \OMS/cmsy/m/n/10.95 7! \OML/cmm/m/it/10.95 v[]; f \OMS/c
msy/m/n/10.95 7! \OT1/cmr/m/n/10.95 (-20) ([] \OML/cmm/m/it/10.95 f\OT1/cmr/m/n
/10.95 (-20) (\OML/cmm/m/it/10.95 x\OT1/cmr/m/n/10.95 (-20) )\OML/cmm/m/it/10.9
5 :e; ^^R[]\OT1/cmr/m/n/10.95 (-20) )]\OML/cmm/m/it/10.95 ; e\OT1/cmr/m/n/10.95
 (-20) ) [][]\OML/cmm/m/it/10.95 ; T[] []\OT1/cmr/m/n/10.95 (-20) (\OML/cmm/m/i
t/10.95 d\OT1/cmr/m/n/10.95 (-20) ) [] \OMS/cmsy/m/n/10.95 j\OML/cmm/m/it/10.95
 T[]\OMS/cmsy/m/n/10.95 j \OT1/cmr/m/n/10.95 (-20) = \OML/cmm/m/it/10.95 j[] \O
MS/cmsy/m/n/10.95 ^^T \OML/cmm/m/it/10.95 j[] [] []\OT1/cmr/m/n/10.95 (-20) (\O
ML/cmm/m/it/10.95 T[]\OT1/cmr/m/n/10.95 (-20) ) \OMS/cmsy/m/n/10.95 ^^T
 []


Underfull \hbox (badness 10000) in paragraph at lines 1010--1015

 []


LaTeX Warning: Reference `lem:downward' on page 24 undefined on input line 1036
.


Overfull \hbox (18.41664pt too wide) in paragraph at lines 1057--1090
\OT1/cmr/m/n/10.95 (-20) 1. $[](\OML/cmm/m/it/10.95 T\OT1/cmr/m/n/10.95 (-20) )
 = [](\OML/cmm/m/it/10.95 T[] T[] [] []\OT1/cmr/m/n/10.95 (-20) ) = [](\OML/cmm
/m/it/10.95 T[]\OT1/cmr/m/n/10.95 (-20) ) + []([](\OML/cmm/m/it/10.95 T[]\OT1/c
mr/m/n/10.95 (-20) )\OML/cmm/m/it/10.95 ; []\OT1/cmr/m/n/10.95 (-20) (\OML/cmm/
m/it/10.95 T[]\OT1/cmr/m/n/10.95 (-20) ) +
 []


Overfull \hbox (44.07422pt too wide) in paragraph at lines 1057--1090
\OT1/cmr/m/n/10.95 (-20) 2. $\OMS/cmsy/m/n/10.95 8\OML/cmm/m/it/10.95 y \OMS/cm
sy/m/n/10.95 2 []\OML/cmm/m/it/10.95 :[][]\OT1/cmr/m/n/10.95 (-20) (\OML/cmm/m/
it/10.95 T\OT1/cmr/m/n/10.95 (-20) ) = []([][](\OML/cmm/m/it/10.95 T[]\OT1/cmr/
m/n/10.95 (-20) )\OML/cmm/m/it/10.95 ; []\OT1/cmr/m/n/10.95 (-20) (\OML/cmm/m/i
t/10.95 T[]\OT1/cmr/m/n/10.95 (-20) ) + []([][](\OML/cmm/m/it/10.95 T[]\OT1/cmr
/m/n/10.95 (-20) )\OML/cmm/m/it/10.95 ; [][]\OT1/cmr/m/n/10.95 (-20) (\OML/cmm/
m/it/10.95 T[]\OT1/cmr/m/n/10.95 (-20) ) +
 []


Overfull \hbox (10.9546pt too wide) in paragraph at lines 1057--1090
[][]\OT1/cmr/m/n/10.95 (-20) (\OML/cmm/m/it/10.95 T[]\OT1/cmr/m/n/10.95 (-20) )
)) \OMS/cmsy/m/n/10.95 ^^T []\OT1/cmr/m/n/10.95 (-20) (\OML/cmm/m/it/10.95 ^^Z[
]; Z[] \OT1/cmr/m/n/10.95 (-20) + [](\OML/cmm/m/it/10.95 ^^Z; ^^Z[] \OT1/cmr/m/
n/10.95 (-20) + \OML/cmm/m/it/10.95 q\OT1/cmr/m/n/10.95 (-20) )) = \OML/cmm/m/i
t/10.95 ^^Z[]\OT1/cmr/m/n/10.95 (-20) (\OML/cmm/m/it/10.95 y\OT1/cmr/m/n/10.95 
(-20) )$ proved by $(2)\OML/cmm/m/it/10.95 ; \OT1/cmr/m/n/10.95 (-20) (3)\OML/c
mm/m/it/10.95 ; \OT1/cmr/m/n/10.95 (-20) (8)\OML/cmm/m/it/10.95 ; \OT1/cmr/m/n/
10.95 (-20) (12)$. 
 []

[24]
Underfull \hbox (badness 10000) in paragraph at lines 1116--1124

 []


LaTeX Warning: Reference `lem:trace_extract' on page 25 undefined on input line
 1137.


Underfull \hbox (badness 10000) in paragraph at lines 1126--1154

 []


LaTeX Warning: Reference `lem:adap_depth_zero' on page 25 undefined on input li
ne 1157.


Overfull \hbox (44.61813pt too wide) in paragraph at lines 1155--1161
\OT1/cmr/m/n/10.95 (-20) By Lemma [], we con-clude that $[][][] [] [][](\OML/cm
m/m/it/10.95 T[]\OT1/cmr/m/n/10.95 (-20) (\OML/cmm/m/it/10.95 v\OT1/cmr/m/n/10.
95 (-20) ))\OML/cmm/m/it/10.95 ; [][]\OT1/cmr/m/n/10.95 (-20) (\OML/cmm/m/it/10
.95 T[]\OT1/cmr/m/n/10.95 (-20) (\OML/cmm/m/it/10.95 v\OT1/cmr/m/n/10.95 (-20) 
))[][] \OMS/cmsy/m/n/10.95 ^^T
 []

[25]
Overfull \hbox (128.08421pt too wide) in paragraph at lines 1162--1167
[]$[][]\OT1/cmr/m/n/10.95 (-20) (\OML/cmm/m/it/10.95 T\OT1/cmr/m/n/10.95 (-20) 
) = [][](\OML/cmm/m/it/10.95 ^^N\OT1/cmr/m/n/10.95 (-20) (\OML/cmm/m/it/10.95 T
[]\OT1/cmr/m/n/10.95 (-20) )) = 1 + []([][](\OML/cmm/m/it/10.95 T[]\OT1/cmr/m/n
/10.95 (-20) )\OML/cmm/m/it/10.95 ; []\OT1/cmr/m/n/10.95 (-20) (\OML/cmm/m/it/1
0.95 T[]\OT1/cmr/m/n/10.95 (-20) ) + [][][] []([][](\OML/cmm/m/it/10.95 T[]\OT1
/cmr/m/n/10.95 (-20) (\OML/cmm/m/it/10.95 v\OT1/cmr/m/n/10.95 (-20) ))\OML/cmm/
m/it/10.95 ; \OMS/cmsy/m/n/10.95 ?\OT1/cmr/m/n/10.95 (-20) )[])$ 
 []


Underfull \hbox (badness 10000) in paragraph at lines 1162--1167

 []


Underfull \hbox (badness 10000) in paragraph at lines 1167--1170

 []

) [26] (./main.bbl) [27] (./main.aux)

LaTeX Warning: There were undefined references.


LaTeX Warning: There were multiply-defined labels.

 ) 
Here is how much of TeX's memory you used:
 4556 strings out of 492616
 65224 string characters out of 6129482
 193381 words of memory out of 5000000
 8332 multiletter control sequences out of 15000+600000
 21560 words of font info for 117 fonts, out of 8000000 for 9000
 1141 hyphenation exceptions out of 8191
 31i,24n,38p,951b,429s stack positions out of 5000i,500n,10000p,200000b,80000s
</usr/local/texlive/2019/texmf-dist/fonts/type1/public/amsfonts/cm/cmbx10.pfb
></usr/local/texlive/2019/texmf-dist/fonts/type1/public/amsfonts/cm/cmbx12.pfb>
</usr/local/texlive/2019/texmf-dist/fonts/type1/public/amsfonts/cm/cmbx9.pfb></
usr/local/texlive/2019/texmf-dist/fonts/type1/public/amsfonts/cm/cmex10.pfb></u
sr/local/texlive/2019/texmf-dist/fonts/type1/public/amsfonts/cm/cmmi10.pfb></us
r/local/texlive/2019/texmf-dist/fonts/type1/public/amsfonts/cm/cmmi5.pfb></usr/
local/texlive/2019/texmf-dist/fonts/type1/public/amsfonts/cm/cmmi6.pfb></usr/lo
cal/texlive/2019/texmf-dist/fonts/type1/public/amsfonts/cm/cmmi7.pfb></usr/loca
l/texlive/2019/texmf-dist/fonts/type1/public/amsfonts/cm/cmmi8.pfb></usr/local/
texlive/2019/texmf-dist/fonts/type1/public/amsfonts/cm/cmmi9.pfb></usr/local/te
xlive/2019/texmf-dist/fonts/type1/public/amsfonts/cm/cmr10.pfb></usr/local/texl
ive/2019/texmf-dist/fonts/type1/public/amsfonts/cm/cmr17.pfb></usr/local/texliv
e/2019/texmf-dist/fonts/type1/public/amsfonts/cm/cmr6.pfb></usr/local/texlive/2
019/texmf-dist/fonts/type1/public/amsfonts/cm/cmr7.pfb></usr/local/texlive/2019
/texmf-dist/fonts/type1/public/amsfonts/cm/cmr8.pfb></usr/local/texlive/2019/te
xmf-dist/fonts/type1/public/amsfonts/cm/cmr9.pfb></usr/local/texlive/2019/texmf
-dist/fonts/type1/public/amsfonts/cm/cmss10.pfb></usr/local/texlive/2019/texmf-
dist/fonts/type1/public/amsfonts/cm/cmss8.pfb></usr/local/texlive/2019/texmf-di
st/fonts/type1/public/amsfonts/cm/cmss9.pfb></usr/local/texlive/2019/texmf-dist
/fonts/type1/public/amsfonts/cm/cmsy10.pfb></usr/local/texlive/2019/texmf-dist/
fonts/type1/public/amsfonts/cm/cmsy6.pfb></usr/local/texlive/2019/texmf-dist/fo
nts/type1/public/amsfonts/cm/cmsy7.pfb></usr/local/texlive/2019/texmf-dist/font
s/type1/public/amsfonts/cm/cmsy8.pfb></usr/local/texlive/2019/texmf-dist/fonts/
type1/public/amsfonts/cm/cmsy9.pfb></usr/local/texlive/2019/texmf-dist/fonts/ty
pe1/public/amsfonts/cm/cmti10.pfb></usr/local/texlive/2019/texmf-dist/fonts/typ
e1/public/amsfonts/cm/cmtt10.pfb></usr/local/texlive/2019/texmf-dist/fonts/type
1/public/amsfonts/cm/cmtt8.pfb></usr/local/texlive/2019/texmf-dist/fonts/type1/
public/amsfonts/cm/cmtt9.pfb></usr/local/texlive/2019/texmf-dist/fonts/type1/pu
blic/amsfonts/symbols/msam10.pfb></usr/local/texlive/2019/texmf-dist/fonts/type
1/public/amsfonts/symbols/msbm10.pfb>
Output written on main.pdf (27 pages, 380725 bytes).
PDF statistics:
 212 PDF objects out of 1000 (max. 8388607)
 151 compressed objects within 2 object streams
 0 named destinations out of 1000 (max. 500000)
 28161 words of extra memory for PDF output out of 29859 (max. 10000000)

