This is pdfTeX, Version 3.14159265-2.6-1.40.20 (TeX Live 2019) (preloaded format=pdflatex 2019.5.8)  5 NOV 2019 22:30
entering extended mode
 restricted \write18 enabled.
 %&-line parsing enabled.
**main.tex
(./main.tex
LaTeX2e <2018-12-01>
(/usr/local/texlive/2019/texmf-dist/tex/latex/base/article.cls
Document Class: article 2018/09/03 v1.4i Standard LaTeX document class
(/usr/local/texlive/2019/texmf-dist/tex/latex/base/size11.clo
File: size11.clo 2018/09/03 v1.4i Standard LaTeX file (size option)
)
\c@part=\count80
\c@section=\count81
\c@subsection=\count82
\c@subsubsection=\count83
\c@paragraph=\count84
\c@subparagraph=\count85
\c@figure=\count86
\c@table=\count87
\abovecaptionskip=\skip41
\belowcaptionskip=\skip42
\bibindent=\dimen102
)
(/usr/local/texlive/2019/texmf-dist/tex/latex/mathpartir/mathpartir.sty
Package: mathpartir 2016/02/24 version 1.3.2 Math Paragraph for Typesetting Inf
erence Rules

(/usr/local/texlive/2019/texmf-dist/tex/latex/graphics/keyval.sty
Package: keyval 2014/10/28 v1.15 key=value parser (DPC)
\KV@toks@=\toks14
)
\mpr@andskip=\skip43
\mpr@lista=\toks15
\mpr@listb=\toks16
\mpr@hlist=\box27
\mpr@vlist=\box28
\mpr@right=\box29
)
(/usr/local/texlive/2019/texmf-dist/tex/latex/amsmath/amsmath.sty
Package: amsmath 2018/12/01 v2.17b AMS math features
\@mathmargin=\skip44

For additional information on amsmath, use the `?' option.
(/usr/local/texlive/2019/texmf-dist/tex/latex/amsmath/amstext.sty
Package: amstext 2000/06/29 v2.01 AMS text

(/usr/local/texlive/2019/texmf-dist/tex/latex/amsmath/amsgen.sty
File: amsgen.sty 1999/11/30 v2.0 generic functions
\@emptytoks=\toks17
\ex@=\dimen103
))
(/usr/local/texlive/2019/texmf-dist/tex/latex/amsmath/amsbsy.sty
Package: amsbsy 1999/11/29 v1.2d Bold Symbols
\pmbraise@=\dimen104
)
(/usr/local/texlive/2019/texmf-dist/tex/latex/amsmath/amsopn.sty
Package: amsopn 2016/03/08 v2.02 operator names
)
\inf@bad=\count88
LaTeX Info: Redefining \frac on input line 223.
\uproot@=\count89
\leftroot@=\count90
LaTeX Info: Redefining \overline on input line 385.
\classnum@=\count91
\DOTSCASE@=\count92
LaTeX Info: Redefining \ldots on input line 482.
LaTeX Info: Redefining \dots on input line 485.
LaTeX Info: Redefining \cdots on input line 606.
\Mathstrutbox@=\box30
\strutbox@=\box31
\big@size=\dimen105
LaTeX Font Info:    Redeclaring font encoding OML on input line 729.
LaTeX Font Info:    Redeclaring font encoding OMS on input line 730.
\macc@depth=\count93
\c@MaxMatrixCols=\count94
\dotsspace@=\muskip10
\c@parentequation=\count95
\dspbrk@lvl=\count96
\tag@help=\toks18
\row@=\count97
\column@=\count98
\maxfields@=\count99
\andhelp@=\toks19
\eqnshift@=\dimen106
\alignsep@=\dimen107
\tagshift@=\dimen108
\tagwidth@=\dimen109
\totwidth@=\dimen110
\lineht@=\dimen111
\@envbody=\toks20
\multlinegap=\skip45
\multlinetaggap=\skip46
\mathdisplay@stack=\toks21
LaTeX Info: Redefining \[ on input line 2844.
LaTeX Info: Redefining \] on input line 2845.
)
(/usr/local/texlive/2019/texmf-dist/tex/latex/amscls/amsthm.sty
Package: amsthm 2017/10/31 v2.20.4
\thm@style=\toks22
\thm@bodyfont=\toks23
\thm@headfont=\toks24
\thm@notefont=\toks25
\thm@headpunct=\toks26
\thm@preskip=\skip47
\thm@postskip=\skip48
\thm@headsep=\skip49
\dth@everypar=\toks27
)
(/usr/local/texlive/2019/texmf-dist/tex/latex/amsfonts/amsfonts.sty
Package: amsfonts 2013/01/14 v3.01 Basic AMSFonts support
\symAMSa=\mathgroup4
\symAMSb=\mathgroup5
LaTeX Font Info:    Overwriting math alphabet `\mathfrak' in version `bold'
(Font)                  U/euf/m/n --> U/euf/b/n on input line 106.
)
(/usr/local/texlive/2019/texmf-dist/tex/latex/graphics/color.sty
Package: color 2016/07/10 v1.1e Standard LaTeX Color (DPC)

(/usr/local/texlive/2019/texmf-dist/tex/latex/graphics-cfg/color.cfg
File: color.cfg 2016/01/02 v1.6 sample color configuration
)
Package color Info: Driver file: pdftex.def on input line 147.

(/usr/local/texlive/2019/texmf-dist/tex/latex/graphics-def/pdftex.def
File: pdftex.def 2018/01/08 v1.0l Graphics/color driver for pdftex
))
(/usr/local/texlive/2019/texmf-dist/tex/latex/algorithms/algorithm.sty
Package: algorithm 2009/08/24 v0.1 Document Style `algorithm' - floating enviro
nment

(/usr/local/texlive/2019/texmf-dist/tex/latex/float/float.sty
Package: float 2001/11/08 v1.3d Float enhancements (AL)
\c@float@type=\count100
\float@exts=\toks28
\float@box=\box32
\@float@everytoks=\toks29
\@floatcapt=\box33
)
(/usr/local/texlive/2019/texmf-dist/tex/latex/base/ifthen.sty
Package: ifthen 2014/09/29 v1.1c Standard LaTeX ifthen package (DPC)
)
\@float@every@algorithm=\toks30
\c@algorithm=\count101
)
(/usr/local/texlive/2019/texmf-dist/tex/latex/algorithms/algorithmic.sty
Package: algorithmic 2009/08/24 v0.1 Document Style `algorithmic'
\c@ALC@unique=\count102
\c@ALC@line=\count103
\c@ALC@rem=\count104
\c@ALC@depth=\count105
\ALC@tlm=\skip50
\algorithmicindent=\skip51
)
(/usr/local/texlive/2019/texmf-dist/tex/latex/microtype/microtype.sty
Package: microtype 2019/02/28 v2.7b Micro-typographical refinements (RS)
\MT@toks=\toks31
\MT@count=\count106
LaTeX Info: Redefining \textls on input line 790.
\MT@outer@kern=\dimen112
LaTeX Info: Redefining \textmicrotypecontext on input line 1336.
\MT@listname@count=\count107

(/usr/local/texlive/2019/texmf-dist/tex/latex/microtype/microtype-pdftex.def
File: microtype-pdftex.def 2019/02/28 v2.7b Definitions specific to pdftex (RS)

LaTeX Info: Redefining \lsstyle on input line 914.
LaTeX Info: Redefining \lslig on input line 914.
\MT@outer@space=\skip52
)
Package microtype Info: Loading configuration file microtype.cfg.

(/usr/local/texlive/2019/texmf-dist/tex/latex/microtype/microtype.cfg
File: microtype.cfg 2019/02/28 v2.7b microtype main configuration file (RS)
))
(./ldefs.tex
(/usr/local/texlive/2019/texmf-dist/tex/latex/enumitem/enumitem.sty
Package: enumitem 2019/02/04 v3.8 Customized lists
\labelindent=\skip53
\enit@outerparindent=\dimen113
\enit@toks=\toks32
\enit@inbox=\box34
\enit@count@id=\count108
\enitdp@description=\count109
)
\c@enumihi=\count110
\c@enumihii=\count111
\c@enumihiii=\count112
\enitdp@enumih=\count113
\c@enumconci=\count114
\c@enumconcii=\count115
\c@enumconciii=\count116
\enitdp@enumconc=\count117
\c@enumsubi=\count118
\c@enumsubii=\count119
\c@enumsubiii=\count120
\enitdp@enumsub=\count121
\c@enumsubsubi=\count122
\c@enumsubsubii=\count123
\c@enumsubsubiii=\count124
\enitdp@enumsubsub=\count125
\enitdp@mainitem=\count126
)
\c@thm=\count127

(./main.aux

LaTeX Warning: Label `thm:gaussiannoise' multiply defined.


LaTeX Warning: Label `fig:adap' multiply defined.


LaTeX Warning: Label `alg:BitGOF' multiply defined.


LaTeX Warning: Label `alg:multiRound' multiply defined.


LaTeX Warning: Label `fig:type-rules' multiply defined.


LaTeX Warning: Label `fig:type-rules2' multiply defined.


LaTeX Warning: Label `fig:lr:step' multiply defined.

)
\openout1 = `main.aux'.

LaTeX Font Info:    Checking defaults for OML/cmm/m/it on input line 34.
LaTeX Font Info:    ... okay on input line 34.
LaTeX Font Info:    Checking defaults for T1/cmr/m/n on input line 34.
LaTeX Font Info:    ... okay on input line 34.
LaTeX Font Info:    Checking defaults for OT1/cmr/m/n on input line 34.
LaTeX Font Info:    ... okay on input line 34.
LaTeX Font Info:    Checking defaults for OMS/cmsy/m/n on input line 34.
LaTeX Font Info:    ... okay on input line 34.
LaTeX Font Info:    Checking defaults for OMX/cmex/m/n on input line 34.
LaTeX Font Info:    ... okay on input line 34.
LaTeX Font Info:    Checking defaults for U/cmr/m/n on input line 34.
LaTeX Font Info:    ... okay on input line 34.
 (/usr/local/texlive/2019/texmf-dist/tex/context/base/mkii/supp-pdf.mkii
[Loading MPS to PDF converter (version 2006.09.02).]
\scratchcounter=\count128
\scratchdimen=\dimen114
\scratchbox=\box35
\nofMPsegments=\count129
\nofMParguments=\count130
\everyMPshowfont=\toks33
\MPscratchCnt=\count131
\MPscratchDim=\dimen115
\MPnumerator=\count132
\makeMPintoPDFobject=\count133
\everyMPtoPDFconversion=\toks34
)
LaTeX Info: Redefining \microtypecontext on input line 34.
Package microtype Info: Generating PDF output.
Package microtype Info: Character protrusion enabled (level 2).
Package microtype Info: Using default protrusion set `alltext'.
Package microtype Info: Automatic font expansion enabled (level 2),
(microtype)             stretch: 20, shrink: 20, step: 1, non-selected.
Package microtype Info: Using default expansion set `basictext'.
Package microtype Info: No adjustment of tracking.
Package microtype Info: No adjustment of interword spacing.
Package microtype Info: No adjustment of character kerning.
 (/usr/local/texlive/2019/texmf-dist/tex/latex/microtype/mt-cmr.cfg
File: mt-cmr.cfg 2013/05/19 v2.2 microtype config. file: Computer Modern Roman 
(RS)
)
LaTeX Font Info:    Try loading font information for U+msa on input line 36.

(/usr/local/texlive/2019/texmf-dist/tex/latex/amsfonts/umsa.fd
File: umsa.fd 2013/01/14 v3.01 AMS symbols A
)
(/usr/local/texlive/2019/texmf-dist/tex/latex/microtype/mt-msa.cfg
File: mt-msa.cfg 2006/02/04 v1.1 microtype config. file: AMS symbols (a) (RS)
)
LaTeX Font Info:    Try loading font information for U+msb on input line 36.

(/usr/local/texlive/2019/texmf-dist/tex/latex/amsfonts/umsb.fd
File: umsb.fd 2013/01/14 v3.01 AMS symbols B
)
(/usr/local/texlive/2019/texmf-dist/tex/latex/microtype/mt-msb.cfg
File: mt-msb.cfg 2005/06/01 v1.0 microtype config. file: AMS symbols (b) (RS)
)
(./background.tex

LaTeX Warning: Citation `Ioannidis05' on page 1 undefined on input line 21.


LaTeX Warning: Citation `???' on page 1 undefined on input line 21.


LaTeX Warning: Citation `GelmanL13' on page 1 undefined on input line 23.


LaTeX Warning: Citation `DworkFHPRR15' on page 1 undefined on input line 25.


LaTeX Warning: Citation `HardtU14' on page 1 undefined on input line 25.

[1

{/usr/local/texlive/2019/texmf-var/fonts/map/pdftex/updmap/pdftex.map}]

LaTeX Warning: Citation `DworkFHPRR15' on page 2 undefined on input line 31.


LaTeX Warning: Citation `HU14' on page 2 undefined on input line 31.

[2]

LaTeX Warning: Citation `DworkFHPRR15' on page 3 undefined on input line 53.


LaTeX Warning: Citation `BassilyNSSSU16' on page 3 undefined on input line 53.


LaTeX Warning: Citation `DworkFHPRR15' on page 3 undefined on input line 54.


LaTeX Warning: Citation `BassilyNSSSU16' on page 3 undefined on input line 54.


LaTeX Warning: Citation `??' on page 3 undefined on input line 62.


LaTeX Warning: Citation `??' on page 3 undefined on input line 63.

[3])
Package microtype Info: Loading generic protrusion settings for font family
(microtype)             `cmtt' (encoding: OT1).
(microtype)             For optimal results, create family-specific settings.
(microtype)             See the microtype manual for details.

Overfull \hbox (75.36607pt too wide) detected at line 102
[]
 []

[4]
Overfull \hbox (45.49988pt too wide) detected at line 132
[]
 []

[5] [6]
Package microtype Info: Loading generic protrusion settings for font family
(microtype)             `cmss' (encoding: OT1).
(microtype)             For optimal results, create family-specific settings.
(microtype)             See the microtype manual for details.

Overfull \hbox (61.80429pt too wide) in paragraph at lines 318--367
 $[]$ 
 []


Overfull \hbox (98.36995pt too wide) in paragraph at lines 371--425
 $[]$ 
 []


LaTeX Warning: Float too large for page by 144.62404pt on input line 428.


Overfull \hbox (39.54076pt too wide) in paragraph at lines 451--457
\OT1/cmr/m/n/10.95 (-20) eval-u-a-tion does not de-pend on $\OML/cmm/m/it/10.95
 x$\OT1/cmr/m/n/10.95 (-20) ), $[][](\OML/cmm/m/it/10.95 T[]\OT1/cmr/m/n/10.95 
(-20) ) = \OMS/cmsy/m/n/10.95 ?$\OT1/cmr/m/n/10.95 (-20) , so $[]([](\OML/cmm/m
/it/10.95 T[]\OT1/cmr/m/n/10.95 (-20) )\OML/cmm/m/it/10.95 ; []\OT1/cmr/m/n/10.
95 (-20) (\OML/cmm/m/it/10.95 T[]\OT1/cmr/m/n/10.95 (-20) ) +
 []


Overfull \hbox (64.86392pt too wide) in paragraph at lines 466--477
[][]$\OT1/cmr/m/n/10.95 (-20) . For the trace $\OML/cmm/m/it/10.95 T[] T[] [] [
]$\OT1/cmr/m/n/10.95 (-20) , $[][]$ is de-fined as $[]([][](\OML/cmm/m/it/10.95
 T[]\OT1/cmr/m/n/10.95 (-20) )\OML/cmm/m/it/10.95 ; []\OT1/cmr/m/n/10.95 (-20) 
(\OML/cmm/m/it/10.95 T[]\OT1/cmr/m/n/10.95 (-20) ) +
 []


Overfull \hbox (23.96373pt too wide) in paragraph at lines 466--477
[]\OT1/cmr/m/n/10.95 (-20) ([][](\OML/cmm/m/it/10.95 T[]\OT1/cmr/m/n/10.95 (-20
) )\OML/cmm/m/it/10.95 ; [][]\OT1/cmr/m/n/10.95 (-20) (\OML/cmm/m/it/10.95 T[]\
OT1/cmr/m/n/10.95 (-20) ) + [][](\OML/cmm/m/it/10.95 T[]\OT1/cmr/m/n/10.95 (-20
) )))$. Here, $[]([][](\OML/cmm/m/it/10.95 T[]\OT1/cmr/m/n/10.95 (-20) )\OML/cm
m/m/it/10.95 ; [][]\OT1/cmr/m/n/10.95 (-20) (\OML/cmm/m/it/10.95 T[]\OT1/cmr/m/
n/10.95 (-20) ) +
 []

[7] [8]
Underfull \hbox (badness 10000) in paragraph at lines 522--526

 []


Overfull \hbox (6.08368pt too wide) in paragraph at lines 537--549
\OT1/cmr/m/n/10.95 (-20) So we know : ex-ists $[]$ so that $[](\OML/cmm/m/it/10
.95 T[] T[] [] []\OT1/cmr/m/n/10.95 (-20) ) = [](\OML/cmm/m/it/10.95 T\OT1/cmr/
m/n/10.95 (-20) ) =
 []


Underfull \hbox (badness 10000) in paragraph at lines 537--549

 []

[9]
Underfull \hbox (badness 10000) in paragraph at lines 575--581

 []


Underfull \hbox (badness 10000) in paragraph at lines 606--612

 []

[10] (./typeSystem.tex
Overfull \hbox (4.44331pt too wide) detected at line 44
[]
 []


Overfull \hbox (10.44998pt too wide) in paragraph at lines 300--301
[][] 
 []


LaTeX Warning: Float too large for page by 3.06364pt on input line 304.

[11

] [12] [13]
Overfull \hbox (0.90616pt too wide) in paragraph at lines 519--650
 [] [][] 
 []

[14

] [15]) [16] (./bidirectional.tex
Overfull \hbox (18.10623pt too wide) in paragraph at lines 3--107
 [] [][]$ 
 []


Overfull \hbox (99.81534pt too wide) in paragraph at lines 116--313
 $[] [][] 
 []


Overfull \hbox (21.50124pt too wide) in paragraph at lines 116--313
 [] [][] 
 []


Overfull \hbox (44.865pt too wide) in paragraph at lines 116--313
 [] [][] 
 []


LaTeX Warning: Float too large for page by 42.07204pt on input line 317.


Overfull \hbox (58.40536pt too wide) in paragraph at lines 321--379
 [] [][] 
 []

) [17

] [18] [19] [20] (./logicalrelation.tex
Overfull \hbox (11.55591pt too wide) in paragraph at lines 19--39
 $[]$ 
 []

[21


]
Overfull \hbox (110.50108pt too wide) in paragraph at lines 155--193
 $[]$ 
 []

[22]) (./subtype.tex [23]
Underfull \hbox (badness 10000) in paragraph at lines 35--46

 []


Underfull \hbox (badness 10000) in paragraph at lines 47--50

 []


Underfull \hbox (badness 10000) in paragraph at lines 51--54

 []


Overfull \hbox (19.91145pt too wide) in paragraph at lines 55--65
[]\OT1/cmr/m/n/10.95 (-20) (\OML/cmm/m/it/10.95 T[] T[] [] []\OT1/cmr/m/n/10.95
 (-20) ) = [](\OML/cmm/m/it/10.95 T[]\OT1/cmr/m/n/10.95 (-20) ) + []([](\OML/cm
m/m/it/10.95 T[]\OT1/cmr/m/n/10.95 (-20) )\OML/cmm/m/it/10.95 ; []\OT1/cmr/m/n/
10.95 (-20) (\OML/cmm/m/it/10.95 T[]\OT1/cmr/m/n/10.95 (-20) ) + [][](\OML/cmm/
m/it/10.95 T[]\OT1/cmr/m/n/10.95 (-20) )) =
 []

[24

]
Underfull \hbox (badness 10000) in paragraph at lines 85--96

 []


Underfull \hbox (badness 10000) in paragraph at lines 105--113

 []


Underfull \hbox (badness 10000) in paragraph at lines 123--136

 []


Underfull \hbox (badness 10000) in paragraph at lines 139--146

 []


Underfull \hbox (badness 10000) in paragraph at lines 148--150

 []

[25]
Underfull \hbox (badness 10000) in paragraph at lines 159--166

 []


Underfull \hbox (badness 10000) in paragraph at lines 202--203

 []


Underfull \hbox (badness 10000) in paragraph at lines 203--204

 []


Underfull \hbox (badness 10000) in paragraph at lines 204--205

 []

[26]
Underfull \hbox (badness 10000) in paragraph at lines 280--288

 []


Underfull \hbox (badness 10000) in paragraph at lines 319--320

 []


Underfull \hbox (badness 10000) in paragraph at lines 321--327

 []


Underfull \hbox (badness 10000) in paragraph at lines 340--344

 []

[27]
Underfull \hbox (badness 10000) in paragraph at lines 344--347

 []


Underfull \hbox (badness 10000) in paragraph at lines 366--370

 []


Underfull \hbox (badness 10000) in paragraph at lines 370--373

 []


Overfull \hbox (0.48071pt too wide) in paragraph at lines 373--390
\OT1/cmr/m/n/10.95 (-20) Unfolt its defin-tion, we know that $\OML/cmm/m/it/10.
95 ^^N \OMS/cmsy/m/n/10.95 62 \OML/cmm/m/it/10.95 v[] []\OT1/cmr/m/n/10.95 (-20
) (\OML/cmm/m/it/10.95 c\OT1/cmr/m/n/10.95 (-20) )$ and $(\OML/cmm/m/it/10.95 k
; v[]\OT1/cmr/m/n/10.95 (-20) ) \OMS/cmsy/m/n/10.95 2 \OT1/cmr/m/n/10.95 (-20) 
[ [[] \OML/cmm/m/it/10.95 ^^[^^\\OT1/cmr/m/n/10.95 (-20) ] ][] [](\OML/cmm/m/it
/10.95 d\OT1/cmr/m/n/10.95 (-20) )$
 []


Underfull \hbox (badness 10000) in paragraph at lines 373--390

 []


Underfull \hbox (badness 10000) in paragraph at lines 402--406

 []


Underfull \hbox (badness 10000) in paragraph at lines 408--424

 []

[28]
Underfull \hbox (badness 10000) in paragraph at lines 426--432

 []


Underfull \hbox (badness 10000) in paragraph at lines 433--439

 []

) [29] (./theorem.tex
Underfull \hbox (badness 10000) in paragraph at lines 26--29

 []


Underfull \hbox (badness 10000) in paragraph at lines 64--65

 []


Overfull \hbox (7.42871pt too wide) in paragraph at lines 65--72
\OT1/cmr/m/n/10.95 (-20) From the sec-ond premise, we know that $\OMS/cmsy/m/n/
10.95 8\OML/cmm/m/it/10.95 x \OMS/cmsy/m/n/10.95 2 \OML/cmm/m/it/10.95 dom\OT1/
cmr/m/n/10.95 (-20) (\OML/cmm/m/it/10.95 ^^R[]\OT1/cmr/m/n/10.95 (-20) )\OML/cm
m/m/it/10.95 :^^R[]\OT1/cmr/m/n/10.95 (-20) (\OML/cmm/m/it/10.95 x\OT1/cmr/m/n/
10.95 (-20) ) \OMS/cmsy/m/n/10.95 2 \OT1/cmr/m/n/10.95 (-20) [ [\U/msa/m/n/10.9
5 ^^C \OT1/cmr/m/n/10.95 (-20) (^^@(\OML/cmm/m/it/10.95 x\OT1/cmr/m/n/10.95 (-2
0) ))] ][]$
 []


Underfull \hbox (badness 10000) in paragraph at lines 65--72

 []


Overfull \hbox (7.38062pt too wide) in paragraph at lines 84--94
\OT1/cmr/m/n/10.95 (-20) Unfolding (a), pick any $\OML/cmm/m/it/10.95 I$ \OT1/c
mr/m/n/10.95 (-20) s.t. $\OMS/cmsy/m/n/10.95 `[] \OML/cmm/m/it/10.95 I \OT1/cmr
/m/n/10.95 (-20) :: \OML/cmm/m/it/10.95 S$\OT1/cmr/m/n/10.95 (-20) , STS: (b) $
(\OML/cmm/m/it/10.95 k; \OT1/cmr/m/n/10.95 (-20) (\OML/cmm/m/it/10.95 ^^R; ^^[e
\OT1/cmr/m/n/10.95 (-20) )) \OMS/cmsy/m/n/10.95 2 \OT1/cmr/m/n/10.95 (-20) [ [\
OML/cmm/m/it/10.95 ^^[^^\\OT1/cmr/m/n/10.95 (-20) [\OML/cmm/m/it/10.95 I=i\OT1/
cmr/m/n/10.95 (-20) ]] ][]$. 
 []


Underfull \hbox (badness 10000) in paragraph at lines 84--94

 []


Underfull \hbox (badness 10000) in paragraph at lines 113--114

 []

[30

]
Overfull \hbox (7.87805pt too wide) in paragraph at lines 115--138
[]\OT1/cmr/m/n/10.95 (-20) Assume $\OML/cmm/m/it/10.95 ^^[ \OMS/cmsy/m/n/10.95 
2 \OT1/cmr/m/n/10.95 (-20) [ [^^A] ][]$, $(\OML/cmm/m/it/10.95 k; ^^R\OT1/cmr/m
/n/10.95 (-20) ) \OMS/cmsy/m/n/10.95 2 \OT1/cmr/m/n/10.95 (-20) [ [\OML/cmm/m/i
t/10.95 ^^[\OT1/cmr/m/n/10.95 (-20) ^^@] ][]$, TS: $(\OML/cmm/m/it/10.95 k; \OT
1/cmr/m/n/10.95 (-20) (\OML/cmm/m/it/10.95 ^^R; ^^[\OT1/cmr/m/n/10.95 (-20) (\O
ML/cmm/m/it/10.95 e\OT1/cmr/m/n/10.95 (-20) []))) \OMS/cmsy/m/n/10.95 2 \OT1/cm
r/m/n/10.95 (-20) [ [\OML/cmm/m/it/10.95 ^^[\OT1/cmr/m/n/10.95 (-20) (\OML/cmm/
m/it/10.95 ^^\\OT1/cmr/m/n/10.95 (-20) [\OML/cmm/m/it/10.95 I=i\OT1/cmr/m/n/10.
95 (-20) ])] ][]$. 
 []


Underfull \hbox (badness 10000) in paragraph at lines 115--138

 []


LaTeX Font Warning: Font shape `OT1/cmr/bx/sc' undefined
(Font)              using `OT1/cmr/bx/n' instead on input line 153.

[31]
Underfull \hbox (badness 10000) in paragraph at lines 179--187

 []


Underfull \hbox (badness 10000) in paragraph at lines 189--217

 []


Overfull \hbox (43.45633pt too wide) in paragraph at lines 218--224
\OT1/cmr/m/n/10.95 (-20) By Lemma 10[], we con-clude that $[][][] [] [][](\OML/
cmm/m/it/10.95 T[]\OT1/cmr/m/n/10.95 (-20) (\OML/cmm/m/it/10.95 v\OT1/cmr/m/n/1
0.95 (-20) ))\OML/cmm/m/it/10.95 ; [][]\OT1/cmr/m/n/10.95 (-20) (\OML/cmm/m/it/
10.95 T[]\OT1/cmr/m/n/10.95 (-20) (\OML/cmm/m/it/10.95 v\OT1/cmr/m/n/10.95 (-20
) ))[][] \OMS/cmsy/m/n/10.95 ^^T
 []


Overfull \hbox (128.08421pt too wide) in paragraph at lines 225--230
[]$[][]\OT1/cmr/m/n/10.95 (-20) (\OML/cmm/m/it/10.95 T\OT1/cmr/m/n/10.95 (-20) 
) = [][](\OML/cmm/m/it/10.95 ^^N\OT1/cmr/m/n/10.95 (-20) (\OML/cmm/m/it/10.95 T
[]\OT1/cmr/m/n/10.95 (-20) )) = 1 + []([][](\OML/cmm/m/it/10.95 T[]\OT1/cmr/m/n
/10.95 (-20) )\OML/cmm/m/it/10.95 ; []\OT1/cmr/m/n/10.95 (-20) (\OML/cmm/m/it/1
0.95 T[]\OT1/cmr/m/n/10.95 (-20) ) + [][][] []([][](\OML/cmm/m/it/10.95 T[]\OT1
/cmr/m/n/10.95 (-20) (\OML/cmm/m/it/10.95 v\OT1/cmr/m/n/10.95 (-20) ))\OML/cmm/
m/it/10.95 ; \OMS/cmsy/m/n/10.95 ?\OT1/cmr/m/n/10.95 (-20) )[])$ 
 []


Underfull \hbox (badness 10000) in paragraph at lines 225--230

 []


Underfull \hbox (badness 10000) in paragraph at lines 230--233

 []

[32]
Underfull \hbox (badness 10000) in paragraph at lines 405--407

 []

[33]
Overfull \hbox (18.41664pt too wide) in paragraph at lines 503--522
\OT1/cmr/m/n/10.95 (-20) 1. $[](\OML/cmm/m/it/10.95 T\OT1/cmr/m/n/10.95 (-20) )
 = [](\OML/cmm/m/it/10.95 T[] T[] [] []\OT1/cmr/m/n/10.95 (-20) ) = [](\OML/cmm
/m/it/10.95 T[]\OT1/cmr/m/n/10.95 (-20) ) + []([](\OML/cmm/m/it/10.95 T[]\OT1/c
mr/m/n/10.95 (-20) )\OML/cmm/m/it/10.95 ; []\OT1/cmr/m/n/10.95 (-20) (\OML/cmm/
m/it/10.95 T[]\OT1/cmr/m/n/10.95 (-20) ) +
 []


Overfull \hbox (44.07422pt too wide) in paragraph at lines 503--522
\OT1/cmr/m/n/10.95 (-20) 2. $\OMS/cmsy/m/n/10.95 8\OML/cmm/m/it/10.95 y \OMS/cm
sy/m/n/10.95 2 []\OML/cmm/m/it/10.95 :[][]\OT1/cmr/m/n/10.95 (-20) (\OML/cmm/m/
it/10.95 T\OT1/cmr/m/n/10.95 (-20) ) = []([][](\OML/cmm/m/it/10.95 T[]\OT1/cmr/
m/n/10.95 (-20) )\OML/cmm/m/it/10.95 ; []\OT1/cmr/m/n/10.95 (-20) (\OML/cmm/m/i
t/10.95 T[]\OT1/cmr/m/n/10.95 (-20) ) + []([][](\OML/cmm/m/it/10.95 T[]\OT1/cmr
/m/n/10.95 (-20) )\OML/cmm/m/it/10.95 ; [][]\OT1/cmr/m/n/10.95 (-20) (\OML/cmm/
m/it/10.95 T[]\OT1/cmr/m/n/10.95 (-20) ) +
 []


Overfull \hbox (10.9546pt too wide) in paragraph at lines 503--522
[][]\OT1/cmr/m/n/10.95 (-20) (\OML/cmm/m/it/10.95 T[]\OT1/cmr/m/n/10.95 (-20) )
)) \OMS/cmsy/m/n/10.95 ^^T []\OT1/cmr/m/n/10.95 (-20) (\OML/cmm/m/it/10.95 ^^Z[
]; Z[] \OT1/cmr/m/n/10.95 (-20) + [](\OML/cmm/m/it/10.95 ^^Z; ^^Z[] \OT1/cmr/m/
n/10.95 (-20) + \OML/cmm/m/it/10.95 q\OT1/cmr/m/n/10.95 (-20) )) = \OML/cmm/m/i
t/10.95 ^^Z[]\OT1/cmr/m/n/10.95 (-20) (\OML/cmm/m/it/10.95 y\OT1/cmr/m/n/10.95 
(-20) )$ proved by $(2)\OML/cmm/m/it/10.95 ; \OT1/cmr/m/n/10.95 (-20) (3)\OML/c
mm/m/it/10.95 ; \OT1/cmr/m/n/10.95 (-20) (8)\OML/cmm/m/it/10.95 ; \OT1/cmr/m/n/
10.95 (-20) (12)$. 
 []


Underfull \hbox (badness 10000) in paragraph at lines 503--522

 []

[34]
Underfull \hbox (badness 10000) in paragraph at lines 616--633

 []

[35]
Underfull \hbox (badness 10000) in paragraph at lines 645--686

 []


Underfull \hbox (badness 10000) in paragraph at lines 699--739

 []

[36]
Underfull \hbox (badness 10000) in paragraph at lines 749--767

 []


Underfull \hbox (badness 10000) in paragraph at lines 778--796

 []


Underfull \hbox (badness 10000) in paragraph at lines 883--907

 []

[37]
Overfull \hbox (9.64145pt too wide) in paragraph at lines 922--968
\OT1/cmr/m/n/10.95 (-20) As-sume $\OML/cmm/m/it/10.95 ^^[ \OMS/cmsy/m/n/10.95 2
 \OT1/cmr/m/n/10.95 (-20) [ [^^A] ][]$, $(\OML/cmm/m/it/10.95 k; ^^R\OT1/cmr/m/
n/10.95 (-20) ) \OMS/cmsy/m/n/10.95 2 \OT1/cmr/m/n/10.95 (-20) [ [\OML/cmm/m/it
/10.95 ^^[\OT1/cmr/m/n/10.95 (-20) ^^@] ][]$. TS: $(\OML/cmm/m/it/10.95 k; \OT1
/cmr/m/n/10.95 (-20) (\OML/cmm/m/it/10.95 ^^R; ^^[ []\OT1/cmr/m/n/10.95 (-20) (
\OML/cmm/m/it/10.95 e[]; e[]\OT1/cmr/m/n/10.95 (-20) ))) \OMS/cmsy/m/n/10.95 2 
\OT1/cmr/m/n/10.95 (-20) [ [\OML/cmm/m/it/10.95 ^^[[] ^^\\OT1/cmr/m/n/10.95 (-2
0) ] ][]$. 
 []


Underfull \hbox (badness 10000) in paragraph at lines 976--1000

 []

[38]
Underfull \hbox (badness 10000) in paragraph at lines 1101--1123

 []

) [39] (./btc_soundness.tex
Overfull \hbox (40.20435pt too wide) detected at line 19
[]
 []


Overfull \hbox (40.20435pt too wide) detected at line 41
[]
 []


Overfull \hbox (40.20435pt too wide) detected at line 64
[]
 []


Overfull \hbox (5.92776pt too wide) in paragraph at lines 72--174
 [] [][] 
 []


Overfull \hbox (17.16649pt too wide) in paragraph at lines 300--367
 [] [][] 
 []


Overfull \hbox (28.80304pt too wide) in paragraph at lines 376--480
 [] [][] 
 []


Overfull \hbox (13.78484pt too wide) in paragraph at lines 487--589
 [] [][] 
 []


Overfull \hbox (20.00247pt too wide) in paragraph at lines 487--589
 [] [][] 
 []

[40

] [41] [42] [43] [44] [45]
Underfull \hbox (badness 10000) in paragraph at lines 603--610

 []


Underfull \hbox (badness 10000) in paragraph at lines 610--614

 []


Underfull \hbox (badness 10000) in paragraph at lines 620--621

 []


Underfull \hbox (badness 10000) in paragraph at lines 625--626

 []


Underfull \hbox (badness 10000) in paragraph at lines 634--635

 []


Underfull \hbox (badness 10000) in paragraph at lines 635--640

 []


Underfull \hbox (badness 10000) in paragraph at lines 641--642

 []


Underfull \hbox (badness 10000) in paragraph at lines 643--650

 []


Underfull \hbox (badness 10000) in paragraph at lines 643--650

 []


Underfull \hbox (badness 10000) in paragraph at lines 651--656

 []


Underfull \hbox (badness 10000) in paragraph at lines 651--656

 []

[46

]
Underfull \hbox (badness 10000) in paragraph at lines 663--666

 []


Underfull \hbox (badness 10000) in paragraph at lines 666--669

 []


Underfull \hbox (badness 10000) in paragraph at lines 676--686

 []


Overfull \hbox (93.57298pt too wide) in paragraph at lines 696--697
[]\OT1/cmr/bx/n/10.95 Case: $[] [][]$ 
 []


Underfull \hbox (badness 10000) in paragraph at lines 696--697

 []


Underfull \hbox (badness 10000) in paragraph at lines 698--710

 []

[47]
Underfull \hbox (badness 10000) in paragraph at lines 710--711

 []


Underfull \hbox (badness 10000) in paragraph at lines 714--715

 []


Underfull \hbox (badness 10000) in paragraph at lines 716--720

 []


Underfull \hbox (badness 10000) in paragraph at lines 724--733

 []


Underfull \hbox (badness 10000) in paragraph at lines 738--745

 []


Underfull \hbox (badness 10000) in paragraph at lines 747--751

 []


Underfull \hbox (badness 10000) in paragraph at lines 759--766

 []


Overfull \hbox (6.61176pt too wide) in paragraph at lines 766--773
\OT1/cmr/m/n/10.95 (-20) By the above state-ments and the al-go-rith-mic type e
quiv-a-lence rule $[]$,
 []


Underfull \hbox (badness 10000) in paragraph at lines 766--773

 []

[48]
Overfull \hbox (30.63747pt too wide) in paragraph at lines 787--795
[] $[] [][]$ 
 []


Overfull \hbox (16.34503pt too wide) in paragraph at lines 787--795
\OT1/cmr/m/n/10.95 (-20) By the above state-ments and the al-go-rith-mic type e
quiv-a-lence rule $[]$,
 []


Underfull \hbox (badness 10000) in paragraph at lines 787--795

 []


Underfull \hbox (badness 10000) in paragraph at lines 798--802

 []

[49]
Underfull \hbox (badness 10000) in paragraph at lines 828--833

 []


Underfull \hbox (badness 10000) in paragraph at lines 833--836

 []


Overfull \hbox (21.60907pt too wide) detected at line 844
[] [][]
 []


Underfull \hbox (badness 10000) in paragraph at lines 844--853

 []


Underfull \hbox (badness 10000) in paragraph at lines 861--873

 []

[50]
Overfull \hbox (72.88109pt too wide) detected at line 886
[] [][]
 []


Underfull \hbox (badness 10000) in paragraph at lines 905--908

 []


Underfull \hbox (badness 10000) in paragraph at lines 931--942

 []


Overfull \hbox (21.0468pt too wide) detected at line 955
[] [][]
 []

[51]
Overfull \hbox (31.27515pt too wide) in paragraph at lines 955--964
\OT1/cmr/m/n/10.95 (-20) TS: $^^A; ^^@\OML/cmm/m/it/10.95 ; \OT1/cmr/m/n/10.95 
(-20) ^^@[]; \OML/cmm/m/it/10.95 ^^Z; ^^Z[] \OMS/cmsy/m/n/10.95 `[] [] \OT1/cmr
/m/n/10.95 (-20) :[] \U/msa/m/n/10.95 ^^C \OT1/cmr/m/n/10.95 (-20) (\OML/cmm/m/
it/10.95 ^^\\OT1/cmr/m/n/10.95 (-20) )$ and $^^A; ^^@\OML/cmm/m/it/10.95 ; \OT1
/cmr/m/n/10.95 (-20) ^^@[]; \OML/cmm/m/it/10.95 ^^Z; ^^Z[] \OMS/cmsy/m/n/10.95 
`[]
 []


Underfull \hbox (badness 10000) in paragraph at lines 955--964

 []

[52]
Underfull \hbox (badness 10000) in paragraph at lines 1031--1049

 []


Underfull \hbox (badness 10000) in paragraph at lines 1057--1072

 []


Underfull \hbox (badness 10000) in paragraph at lines 1082--1095

 []

[53]
Overfull \hbox (14.11224pt too wide) detected at line 1111
[] [][]
 []


Overfull \hbox (3.65999pt too wide) detected at line 1123
[] [][]
 []


Overfull \hbox (16.86436pt too wide) detected at line 1162
[] [][]
 []

[54]
Underfull \hbox (badness 10000) in paragraph at lines 1213--1230

 []

[55]
Overfull \hbox (4.48927pt too wide) detected at line 1299
[] [][]
 []


Overfull \hbox (52.8945pt too wide) detected at line 1317
[] [][]
 []


Underfull \hbox (badness 10000) in paragraph at lines 1317--1328

 []

[56] [57]
Underfull \hbox (badness 10000) in paragraph at lines 1462--1463

 []


Overfull \hbox (18.88506pt too wide) detected at line 1478
[] [][]
 []


Underfull \hbox (badness 10000) in paragraph at lines 1478--1484

 []


Underfull \hbox (badness 10000) in paragraph at lines 1505--1511

 []

[58]
Overfull \hbox (23.94588pt too wide) detected at line 1548
[] [][]
 []


Underfull \hbox (badness 10000) in paragraph at lines 1590--1591

 []


Underfull \hbox (badness 10000) in paragraph at lines 1592--1595

 []

[59]
Underfull \hbox (badness 10000) in paragraph at lines 1625--1626

 []


Underfull \hbox (badness 10000) in paragraph at lines 1636--1637

 []

) [60] (./example_v2.tex
LaTeX Font Info:    Try loading font information for OMS+cmr on input line 13.

(/usr/local/texlive/2019/texmf-dist/tex/latex/base/omscmr.fd
File: omscmr.fd 2014/09/29 v2.5h Standard LaTeX font definitions
)
LaTeX Font Info:    Font shape `OMS/cmr/m/n' in size <10.95> not available
(Font)              Font shape `OMS/cmsy/m/n' tried instead on input line 13.
 [61

]
Overfull \hbox (34.41737pt too wide) detected at line 58
[]
 []

[62] [63

]
Overfull \hbox (30.91774pt too wide) detected at line 741
[]
 []

) [64] (./vector.tex
Overfull \hbox (75.36607pt too wide) detected at line 39
[]
 []


Overfull \hbox (45.49988pt too wide) detected at line 52
[]
 []


Overfull \hbox (43.70633pt too wide) in paragraph at lines 218--261
 $[]$ 
 []


Overfull \hbox (80.27199pt too wide) in paragraph at lines 265--314
 $[]$ 
 []


LaTeX Warning: Float too large for page by 78.90279pt on input line 317.

[65


] [66] [67]
Overfull \hbox (85.50949pt too wide) detected at line 375
[]
 []

[68]
Overfull \hbox (30.91774pt too wide) detected at line 497
[]
 []

[69

] [70]
Overfull \hbox (14.45044pt too wide) detected at line 514
[]
 []

[71

] [72] [73]
Overfull \hbox (110.50108pt too wide) in paragraph at lines 781--830
 $[]$ 
 []


Underfull \hbox (badness 10000) in paragraph at lines 842--846

 []


Underfull \hbox (badness 10000) in paragraph at lines 861--862

 []

[74

]
Underfull \hbox (badness 10000) in paragraph at lines 900--914

 []


Underfull \hbox (badness 10000) in paragraph at lines 915--921

 []


Underfull \hbox (badness 10000) in paragraph at lines 922--927

 []


Underfull \hbox (badness 10000) in paragraph at lines 942--967

 []

[75]
Underfull \hbox (badness 10000) in paragraph at lines 1010--1015

 []


Overfull \hbox (18.41664pt too wide) in paragraph at lines 1057--1090
\OT1/cmr/m/n/10.95 (-20) 1. $[](\OML/cmm/m/it/10.95 T\OT1/cmr/m/n/10.95 (-20) )
 = [](\OML/cmm/m/it/10.95 T[] T[] [] []\OT1/cmr/m/n/10.95 (-20) ) = [](\OML/cmm
/m/it/10.95 T[]\OT1/cmr/m/n/10.95 (-20) ) + []([](\OML/cmm/m/it/10.95 T[]\OT1/c
mr/m/n/10.95 (-20) )\OML/cmm/m/it/10.95 ; []\OT1/cmr/m/n/10.95 (-20) (\OML/cmm/
m/it/10.95 T[]\OT1/cmr/m/n/10.95 (-20) ) +
 []


Overfull \hbox (44.07422pt too wide) in paragraph at lines 1057--1090
\OT1/cmr/m/n/10.95 (-20) 2. $\OMS/cmsy/m/n/10.95 8\OML/cmm/m/it/10.95 y \OMS/cm
sy/m/n/10.95 2 []\OML/cmm/m/it/10.95 :[][]\OT1/cmr/m/n/10.95 (-20) (\OML/cmm/m/
it/10.95 T\OT1/cmr/m/n/10.95 (-20) ) = []([][](\OML/cmm/m/it/10.95 T[]\OT1/cmr/
m/n/10.95 (-20) )\OML/cmm/m/it/10.95 ; []\OT1/cmr/m/n/10.95 (-20) (\OML/cmm/m/i
t/10.95 T[]\OT1/cmr/m/n/10.95 (-20) ) + []([][](\OML/cmm/m/it/10.95 T[]\OT1/cmr
/m/n/10.95 (-20) )\OML/cmm/m/it/10.95 ; [][]\OT1/cmr/m/n/10.95 (-20) (\OML/cmm/
m/it/10.95 T[]\OT1/cmr/m/n/10.95 (-20) ) +
 []


Overfull \hbox (10.9546pt too wide) in paragraph at lines 1057--1090
[][]\OT1/cmr/m/n/10.95 (-20) (\OML/cmm/m/it/10.95 T[]\OT1/cmr/m/n/10.95 (-20) )
)) \OMS/cmsy/m/n/10.95 ^^T []\OT1/cmr/m/n/10.95 (-20) (\OML/cmm/m/it/10.95 ^^Z[
]; Z[] \OT1/cmr/m/n/10.95 (-20) + [](\OML/cmm/m/it/10.95 ^^Z; ^^Z[] \OT1/cmr/m/
n/10.95 (-20) + \OML/cmm/m/it/10.95 q\OT1/cmr/m/n/10.95 (-20) )) = \OML/cmm/m/i
t/10.95 ^^Z[]\OT1/cmr/m/n/10.95 (-20) (\OML/cmm/m/it/10.95 y\OT1/cmr/m/n/10.95 
(-20) )$ proved by $(2)\OML/cmm/m/it/10.95 ; \OT1/cmr/m/n/10.95 (-20) (3)\OML/c
mm/m/it/10.95 ; \OT1/cmr/m/n/10.95 (-20) (8)\OML/cmm/m/it/10.95 ; \OT1/cmr/m/n/
10.95 (-20) (12)$. 
 []

[76]
Underfull \hbox (badness 10000) in paragraph at lines 1116--1124

 []


Underfull \hbox (badness 10000) in paragraph at lines 1126--1154

 []


Overfull \hbox (43.45633pt too wide) in paragraph at lines 1155--1161
\OT1/cmr/m/n/10.95 (-20) By Lemma 10[], we con-clude that $[][][] [] [][](\OML/
cmm/m/it/10.95 T[]\OT1/cmr/m/n/10.95 (-20) (\OML/cmm/m/it/10.95 v\OT1/cmr/m/n/1
0.95 (-20) ))\OML/cmm/m/it/10.95 ; [][]\OT1/cmr/m/n/10.95 (-20) (\OML/cmm/m/it/
10.95 T[]\OT1/cmr/m/n/10.95 (-20) (\OML/cmm/m/it/10.95 v\OT1/cmr/m/n/10.95 (-20
) ))[][] \OMS/cmsy/m/n/10.95 ^^T
 []

[77]
Overfull \hbox (128.08421pt too wide) in paragraph at lines 1162--1167
[]$[][]\OT1/cmr/m/n/10.95 (-20) (\OML/cmm/m/it/10.95 T\OT1/cmr/m/n/10.95 (-20) 
) = [][](\OML/cmm/m/it/10.95 ^^N\OT1/cmr/m/n/10.95 (-20) (\OML/cmm/m/it/10.95 T
[]\OT1/cmr/m/n/10.95 (-20) )) = 1 + []([][](\OML/cmm/m/it/10.95 T[]\OT1/cmr/m/n
/10.95 (-20) )\OML/cmm/m/it/10.95 ; []\OT1/cmr/m/n/10.95 (-20) (\OML/cmm/m/it/1
0.95 T[]\OT1/cmr/m/n/10.95 (-20) ) + [][][] []([][](\OML/cmm/m/it/10.95 T[]\OT1
/cmr/m/n/10.95 (-20) (\OML/cmm/m/it/10.95 v\OT1/cmr/m/n/10.95 (-20) ))\OML/cmm/
m/it/10.95 ; \OMS/cmsy/m/n/10.95 ?\OT1/cmr/m/n/10.95 (-20) )[])$ 
 []


Underfull \hbox (badness 10000) in paragraph at lines 1162--1167

 []


Underfull \hbox (badness 10000) in paragraph at lines 1167--1170

 []

) [78] (./main.bbl) [79] (./main.aux)

LaTeX Font Warning: Some font shapes were not available, defaults substituted.


LaTeX Warning: There were undefined references.


LaTeX Warning: There were multiply-defined labels.

 ) 
Here is how much of TeX's memory you used:
 4470 strings out of 492616
 64595 string characters out of 6129482
 210558 words of memory out of 5000000
 8170 multiletter control sequences out of 15000+600000
 24427 words of font info for 148 fonts, out of 8000000 for 9000
 1141 hyphenation exceptions out of 8191
 36i,24n,39p,951b,426s stack positions out of 5000i,500n,10000p,200000b,80000s
</usr/local/texlive/2019/texmf-dist/fonts/type1/public/amsfonts/cm/cmbx10.pfb
></usr/local/texlive/2019/texmf-dist/fonts/type1/public/amsfonts/cm/cmbx12.pfb>
</usr/local/texlive/2019/texmf-dist/fonts/type1/public/amsfonts/cm/cmbx9.pfb></
usr/local/texlive/2019/texmf-dist/fonts/type1/public/amsfonts/cm/cmcsc10.pfb></
usr/local/texlive/2019/texmf-dist/fonts/type1/public/amsfonts/cm/cmex10.pfb></u
sr/local/texlive/2019/texmf-dist/fonts/type1/public/amsfonts/cm/cmmi10.pfb></us
r/local/texlive/2019/texmf-dist/fonts/type1/public/amsfonts/cm/cmmi5.pfb></usr/
local/texlive/2019/texmf-dist/fonts/type1/public/amsfonts/cm/cmmi6.pfb></usr/lo
cal/texlive/2019/texmf-dist/fonts/type1/public/amsfonts/cm/cmmi7.pfb></usr/loca
l/texlive/2019/texmf-dist/fonts/type1/public/amsfonts/cm/cmmi8.pfb></usr/local/
texlive/2019/texmf-dist/fonts/type1/public/amsfonts/cm/cmmi9.pfb></usr/local/te
xlive/2019/texmf-dist/fonts/type1/public/amsfonts/cm/cmr10.pfb></usr/local/texl
ive/2019/texmf-dist/fonts/type1/public/amsfonts/cm/cmr17.pfb></usr/local/texliv
e/2019/texmf-dist/fonts/type1/public/amsfonts/cm/cmr6.pfb></usr/local/texlive/2
019/texmf-dist/fonts/type1/public/amsfonts/cm/cmr7.pfb></usr/local/texlive/2019
/texmf-dist/fonts/type1/public/amsfonts/cm/cmr8.pfb></usr/local/texlive/2019/te
xmf-dist/fonts/type1/public/amsfonts/cm/cmr9.pfb></usr/local/texlive/2019/texmf
-dist/fonts/type1/public/amsfonts/cm/cmss10.pfb></usr/local/texlive/2019/texmf-
dist/fonts/type1/public/amsfonts/cm/cmss8.pfb></usr/local/texlive/2019/texmf-di
st/fonts/type1/public/amsfonts/cm/cmss9.pfb></usr/local/texlive/2019/texmf-dist
/fonts/type1/public/amsfonts/cm/cmsy10.pfb></usr/local/texlive/2019/texmf-dist/
fonts/type1/public/amsfonts/cm/cmsy6.pfb></usr/local/texlive/2019/texmf-dist/fo
nts/type1/public/amsfonts/cm/cmsy7.pfb></usr/local/texlive/2019/texmf-dist/font
s/type1/public/amsfonts/cm/cmsy8.pfb></usr/local/texlive/2019/texmf-dist/fonts/
type1/public/amsfonts/cm/cmsy9.pfb></usr/local/texlive/2019/texmf-dist/fonts/ty
pe1/public/amsfonts/cm/cmti10.pfb></usr/local/texlive/2019/texmf-dist/fonts/typ
e1/public/amsfonts/cm/cmti9.pfb></usr/local/texlive/2019/texmf-dist/fonts/type1
/public/amsfonts/cm/cmtt10.pfb></usr/local/texlive/2019/texmf-dist/fonts/type1/
public/amsfonts/cm/cmtt8.pfb></usr/local/texlive/2019/texmf-dist/fonts/type1/pu
blic/amsfonts/cm/cmtt9.pfb></usr/local/texlive/2019/texmf-dist/fonts/type1/publ
ic/amsfonts/symbols/msam10.pfb></usr/local/texlive/2019/texmf-dist/fonts/type1/
public/amsfonts/symbols/msbm10.pfb>
Output written on main.pdf (79 pages, 556604 bytes).
PDF statistics:
 389 PDF objects out of 1000 (max. 8388607)
 273 compressed objects within 3 object streams
 0 named destinations out of 1000 (max. 500000)
 32769 words of extra memory for PDF output out of 35830 (max. 10000000)

